SF:lib\src\features\products\data\fake_products_repository.dart
DA:14,1
DA:17,1
DA:18,1
DA:21,1
DA:22,2
DA:25,1
DA:26,2
DA:27,2
DA:30,1
DA:31,2
DA:32,1
DA:35,1
DA:36,4
DA:39,1
DA:41,4
DA:48,0
DA:49,0
DA:52,0
DA:53,0
DA:54,0
DA:56,0
DA:57,0
DA:59,0
DA:60,0
DA:61,0
DA:63,0
DA:64,0
DA:65,0
DA:66,0
LF:29
LH:15
end_of_record
SF:lib\src\features\products\domain\product.dart
DA:7,1
DA:28,1
DA:30,9
DA:33,1
DA:37,0
DA:38,0
DA:39,0
DA:40,0
DA:41,0
DA:42,0
DA:43,0
DA:44,0
DA:47,1
DA:49,3
DA:50,3
DA:51,3
DA:52,3
DA:53,3
DA:54,3
DA:55,3
DA:56,2
LF:21
LH:13
end_of_record
SF:lib\src\utils\delay.dart
DA:1,1
DA:3,0
DA:5,1
LF:3
LH:2
end_of_record
